2026-03-11 17:23:25.371 [main] INFO  c.u.o.OrkestraV2ApiApplication - Starting OrkestraV2ApiApplication using Java 21.0.10 with PID 26544 (D:\dev\flow-forge-v1-groups-fixes\target\classes started by Mishr in D:\dev\flow-forge-v1-groups-fixes)
2026-03-11 17:23:25.376 [main] INFO  c.u.o.OrkestraV2ApiApplication - The following 1 profile is active: "local"
2026-03-11 17:23:27.829 [main] WARN  org.hibernate.orm.deprecation - HHH90000025: H2Dialect does not need to be specified explicitly using 'hibernate.dialect' (remove the property setting and it will be selected by default)
2026-03-11 17:23:28.725 [main] DEBUG org.hibernate.SQL - create table applications (id bigint not null, application_description varchar(255) not null, application_name varchar(255) not null, created_at timestamp(6) not null, gitlab_project_id varchar(255) not null, personal_access_token varchar(255) not null, project_name varchar(255), project_url varchar(255), token_status varchar(255) not null check (token_status in ('ACTIVE','EXPIRED','INVALID')), token_validation_last_update_date timestamp(6), updated_at timestamp(6) not null, primary key (id))
2026-03-11 17:23:28.732 [main] DEBUG org.hibernate.SQL - create table artifacts (id bigint not null, artifact_name varchar(255) not null, created_at timestamp(6) not null, run_ids json not null, updated_at timestamp(6) not null, primary key (id))
2026-03-11 17:23:28.733 [main] DEBUG org.hibernate.SQL - create table flow_executions (id uuid not null, category varchar(255), created_at timestamp(6) not null, end_time timestamp(6), flow_id bigint not null, is_replay boolean, iteration integer, original_flow_execution_id uuid, replay_count integer, revolutions integer, runtime_variables json, start_time timestamp(6), status varchar(255) check (status in ('PENDING','RUNNING','PASSED','FAILED','CANCELLED','SCHEDULED','IN_PROGRESS')), flow_group_id bigint, primary key (id))
2026-03-11 17:23:28.734 [main] DEBUG org.hibernate.SQL - create table flow_groups (id bigint not null, created_at timestamp(6) not null, current_iteration integer not null, flow_group_name varchar(255) not null, flows json not null, revolutions integer not null, updated_at timestamp(6) not null, primary key (id))
2026-03-11 17:23:28.736 [main] DEBUG org.hibernate.SQL - create table flow_steps (id bigint not null, branch varchar(255) not null, created_at timestamp(6) not null, description varchar(255), timer_days varchar(255), timer_hours varchar(255), timer_minutes varchar(255), scheduler_type varchar(255), squash_step_ids json, test_data_ids json, test_stage varchar(255) not null, test_tag varchar(255) not null, updated_at timestamp(6) not null, application_id bigint not null, primary key (id))
2026-03-11 17:23:28.737 [main] DEBUG org.hibernate.SQL - create table flows (id bigint not null, created_at timestamp(6) not null, flow_step_ids json not null, squash_test_case varchar(255) not null, squash_test_case_id bigint not null, updated_at timestamp(6) not null, primary key (id))
2026-03-11 17:23:28.738 [main] DEBUG org.hibernate.SQL - create table pipeline_executions (id bigint not null, configured_test_data json, created_at timestamp(6) not null, end_time timestamp(6), flow_execution_id uuid not null, flow_id bigint not null, flow_step_id bigint not null, is_replay boolean not null, job_id bigint, job_url varchar(255), pipeline_id bigint, pipeline_url varchar(255), resume_time timestamp(6), runtime_test_data json, start_time timestamp(6), status varchar(255) check (status in ('PENDING','RUNNING','PASSED','FAILED','CANCELLED','SCHEDULED','IN_PROGRESS')), primary key (id))
2026-03-11 17:23:28.738 [main] DEBUG org.hibernate.SQL - create table queued_flow_executions (id bigint not null, category varchar(255), created_at timestamp(6) not null, flow_execution_id uuid not null, flow_group_id bigint, flow_id bigint not null, iteration integer, priority integer, retry_count integer, revolutions integer, primary key (id))
2026-03-11 17:23:28.739 [main] DEBUG org.hibernate.SQL - create table test_data (data_id bigint not null, application_name varchar(255), category varchar(255) not null, created_at timestamp(6) not null, description varchar(255), updated_at timestamp(6) not null, variables json not null, application_id bigint, primary key (data_id))
2026-03-11 17:23:28.740 [main] DEBUG org.hibernate.SQL - create index idx_queued_created_at on queued_flow_executions (created_at)
2026-03-11 17:23:28.743 [main] DEBUG org.hibernate.SQL - create sequence applications_seq start with 1 increment by 1
2026-03-11 17:23:28.744 [main] DEBUG org.hibernate.SQL - create sequence artifacts_id_seq start with 1 increment by 1
2026-03-11 17:23:28.745 [main] DEBUG org.hibernate.SQL - create sequence flow_groups_id_seq start with 1 increment by 1
2026-03-11 17:23:28.745 [main] DEBUG org.hibernate.SQL - create sequence flow_steps_seq start with 1 increment by 1
2026-03-11 17:23:28.745 [main] DEBUG org.hibernate.SQL - create sequence flows_seq start with 1 increment by 1
2026-03-11 17:23:28.745 [main] DEBUG org.hibernate.SQL - create sequence pipeline_executions_seq start with 1 increment by 1
2026-03-11 17:23:28.745 [main] DEBUG org.hibernate.SQL - create sequence queued_flow_executions_seq start with 1 increment by 1
2026-03-11 17:23:28.746 [main] DEBUG org.hibernate.SQL - create sequence test_data_seq start with 1 increment by 1
2026-03-11 17:23:28.746 [main] DEBUG org.hibernate.SQL - alter table if exists flow_executions add constraint FKr71stky8abwyfobvpeefjc7fv foreign key (flow_group_id) references flow_groups
2026-03-11 17:23:28.751 [main] DEBUG org.hibernate.SQL - alter table if exists flow_steps add constraint FKp00aj00r8cvyydod3holpe5oh foreign key (application_id) references applications
2026-03-11 17:23:28.752 [main] DEBUG org.hibernate.SQL - alter table if exists test_data add constraint FK3iretb06mhjh2gksyhkkj4cfx foreign key (application_id) references applications
2026-03-11 17:23:30.517 [main] WARN  o.s.b.a.o.j.JpaBaseConfiguration$JpaWebConfiguration - spring.jpa.open-in-view is enabled by default. Therefore, database queries may be performed during view rendering. Explicitly configure spring.jpa.open-in-view to disable this warning
2026-03-11 17:23:31.237 [scheduling-1] DEBUG org.hibernate.SQL - select pe1_0.id,pe1_0.configured_test_data,pe1_0.created_at,pe1_0.end_time,pe1_0.flow_execution_id,pe1_0.flow_id,pe1_0.flow_step_id,pe1_0.is_replay,pe1_0.job_id,pe1_0.job_url,pe1_0.pipeline_id,pe1_0.pipeline_url,pe1_0.resume_time,pe1_0.runtime_test_data,pe1_0.start_time,pe1_0.status from pipeline_executions pe1_0 where pe1_0.status=? and pe1_0.resume_time<?
2026-03-11 17:23:31.237 [main] DEBUG org.hibernate.SQL - select count(*) from queued_flow_executions qfe1_0
2026-03-11 17:23:31.248 [main] INFO  c.u.o.s.FlowExecutionQueueService - No queued flow executions found on startup.
2026-03-11 17:23:31.249 [main] INFO  c.u.o.OrkestraV2ApiApplication - Started OrkestraV2ApiApplication in 6.323 seconds (process running for 6.641)
2026-03-11 17:23:41.198 [scheduling-1] WARN  c.u.o.s.FlowExecutionQueueService - FlowExecutionTaskExecutor not available, returning default capacity
2026-03-11 17:23:41.204 [scheduling-1] DEBUG org.hibernate.SQL - select qfe1_0.id,qfe1_0.category,qfe1_0.created_at,qfe1_0.flow_execution_id,qfe1_0.flow_group_id,qfe1_0.flow_id,qfe1_0.iteration,qfe1_0.priority,qfe1_0.retry_count,qfe1_0.revolutions from queued_flow_executions qfe1_0 order by qfe1_0.priority desc,qfe1_0.created_at offset ? rows fetch first ? rows only
2026-03-11 17:23:50.492 [http-nio-8080-exec-1] INFO  o.s.web.servlet.DispatcherServlet - Initializing Servlet 'dispatcherServlet'
2026-03-11 17:23:50.495 [http-nio-8080-exec-1] INFO  o.s.web.servlet.DispatcherServlet - Completed initialization in 2 ms
2026-03-11 17:23:51.825 [http-nio-8080-exec-9] INFO  o.s.api.AbstractOpenApiResource - Init duration for springdoc-openapi is: 1048 ms
2026-03-11 17:24:11.213 [scheduling-1] WARN  c.u.o.s.FlowExecutionQueueService - FlowExecutionTaskExecutor not available, returning default capacity
2026-03-11 17:24:11.217 [scheduling-1] DEBUG org.hibernate.SQL - select qfe1_0.id,qfe1_0.category,qfe1_0.created_at,qfe1_0.flow_execution_id,qfe1_0.flow_group_id,qfe1_0.flow_id,qfe1_0.iteration,qfe1_0.priority,qfe1_0.retry_count,qfe1_0.revolutions from queued_flow_executions qfe1_0 order by qfe1_0.priority desc,qfe1_0.created_at offset ? rows fetch first ? rows only
2026-03-11 17:24:31.203 [scheduling-1] DEBUG org.hibernate.SQL - select pe1_0.id,pe1_0.configured_test_data,pe1_0.created_at,pe1_0.end_time,pe1_0.flow_execution_id,pe1_0.flow_id,pe1_0.flow_step_id,pe1_0.is_replay,pe1_0.job_id,pe1_0.job_url,pe1_0.pipeline_id,pe1_0.pipeline_url,pe1_0.resume_time,pe1_0.runtime_test_data,pe1_0.start_time,pe1_0.status from pipeline_executions pe1_0 where pe1_0.status=? and pe1_0.resume_time<?
2026-03-11 17:24:41.232 [scheduling-1] WARN  c.u.o.s.FlowExecutionQueueService - FlowExecutionTaskExecutor not available, returning default capacity
2026-03-11 17:24:41.235 [scheduling-1] DEBUG org.hibernate.SQL - select qfe1_0.id,qfe1_0.category,qfe1_0.created_at,qfe1_0.flow_execution_id,qfe1_0.flow_group_id,qfe1_0.flow_id,qfe1_0.iteration,qfe1_0.priority,qfe1_0.retry_count,qfe1_0.revolutions from queued_flow_executions qfe1_0 order by qfe1_0.priority desc,qfe1_0.created_at offset ? rows fetch first ? rows only
2026-03-11 17:25:11.248 [scheduling-1] WARN  c.u.o.s.FlowExecutionQueueService - FlowExecutionTaskExecutor not available, returning default capacity
2026-03-11 17:25:11.250 [scheduling-1] DEBUG org.hibernate.SQL - select qfe1_0.id,qfe1_0.category,qfe1_0.created_at,qfe1_0.flow_execution_id,qfe1_0.flow_group_id,qfe1_0.flow_id,qfe1_0.iteration,qfe1_0.priority,qfe1_0.retry_count,qfe1_0.revolutions from queued_flow_executions qfe1_0 order by qfe1_0.priority desc,qfe1_0.created_at offset ? rows fetch first ? rows only
2026-03-11 17:25:31.193 [scheduling-1] DEBUG org.hibernate.SQL - select pe1_0.id,pe1_0.configured_test_data,pe1_0.created_at,pe1_0.end_time,pe1_0.flow_execution_id,pe1_0.flow_id,pe1_0.flow_step_id,pe1_0.is_replay,pe1_0.job_id,pe1_0.job_url,pe1_0.pipeline_id,pe1_0.pipeline_url,pe1_0.resume_time,pe1_0.runtime_test_data,pe1_0.start_time,pe1_0.status from pipeline_executions pe1_0 where pe1_0.status=? and pe1_0.resume_time<?
2026-03-11 17:25:41.257 [scheduling-1] WARN  c.u.o.s.FlowExecutionQueueService - FlowExecutionTaskExecutor not available, returning default capacity
2026-03-11 17:25:41.259 [scheduling-1] DEBUG org.hibernate.SQL - select qfe1_0.id,qfe1_0.category,qfe1_0.created_at,qfe1_0.flow_execution_id,qfe1_0.flow_group_id,qfe1_0.flow_id,qfe1_0.iteration,qfe1_0.priority,qfe1_0.retry_count,qfe1_0.revolutions from queued_flow_executions qfe1_0 order by qfe1_0.priority desc,qfe1_0.created_at offset ? rows fetch first ? rows only
2026-03-11 17:26:11.272 [scheduling-1] WARN  c.u.o.s.FlowExecutionQueueService - FlowExecutionTaskExecutor not available, returning default capacity
2026-03-11 17:26:11.274 [scheduling-1] DEBUG org.hibernate.SQL - select qfe1_0.id,qfe1_0.category,qfe1_0.created_at,qfe1_0.flow_execution_id,qfe1_0.flow_group_id,qfe1_0.flow_id,qfe1_0.iteration,qfe1_0.priority,qfe1_0.retry_count,qfe1_0.revolutions from queued_flow_executions qfe1_0 order by qfe1_0.priority desc,qfe1_0.created_at offset ? rows fetch first ? rows only
2026-03-11 17:26:31.192 [scheduling-1] DEBUG org.hibernate.SQL - select pe1_0.id,pe1_0.configured_test_data,pe1_0.created_at,pe1_0.end_time,pe1_0.flow_execution_id,pe1_0.flow_id,pe1_0.flow_step_id,pe1_0.is_replay,pe1_0.job_id,pe1_0.job_url,pe1_0.pipeline_id,pe1_0.pipeline_url,pe1_0.resume_time,pe1_0.runtime_test_data,pe1_0.start_time,pe1_0.status from pipeline_executions pe1_0 where pe1_0.status=? and pe1_0.resume_time<?
2026-03-11 17:26:41.280 [scheduling-1] WARN  c.u.o.s.FlowExecutionQueueService - FlowExecutionTaskExecutor not available, returning default capacity
2026-03-11 17:26:41.284 [scheduling-1] DEBUG org.hibernate.SQL - select qfe1_0.id,qfe1_0.category,qfe1_0.created_at,qfe1_0.flow_execution_id,qfe1_0.flow_group_id,qfe1_0.flow_id,qfe1_0.iteration,qfe1_0.priority,qfe1_0.retry_count,qfe1_0.revolutions from queued_flow_executions qfe1_0 order by qfe1_0.priority desc,qfe1_0.created_at offset ? rows fetch first ? rows only
2026-03-11 17:27:11.294 [scheduling-1] WARN  c.u.o.s.FlowExecutionQueueService - FlowExecutionTaskExecutor not available, returning default capacity
2026-03-11 17:27:11.296 [scheduling-1] DEBUG org.hibernate.SQL - select qfe1_0.id,qfe1_0.category,qfe1_0.created_at,qfe1_0.flow_execution_id,qfe1_0.flow_group_id,qfe1_0.flow_id,qfe1_0.iteration,qfe1_0.priority,qfe1_0.retry_count,qfe1_0.revolutions from queued_flow_executions qfe1_0 order by qfe1_0.priority desc,qfe1_0.created_at offset ? rows fetch first ? rows only
2026-03-11 17:27:31.193 [scheduling-1] DEBUG org.hibernate.SQL - select pe1_0.id,pe1_0.configured_test_data,pe1_0.created_at,pe1_0.end_time,pe1_0.flow_execution_id,pe1_0.flow_id,pe1_0.flow_step_id,pe1_0.is_replay,pe1_0.job_id,pe1_0.job_url,pe1_0.pipeline_id,pe1_0.pipeline_url,pe1_0.resume_time,pe1_0.runtime_test_data,pe1_0.start_time,pe1_0.status from pipeline_executions pe1_0 where pe1_0.status=? and pe1_0.resume_time<?
2026-03-11 17:27:41.306 [scheduling-1] WARN  c.u.o.s.FlowExecutionQueueService - FlowExecutionTaskExecutor not available, returning default capacity
2026-03-11 17:27:41.309 [scheduling-1] DEBUG org.hibernate.SQL - select qfe1_0.id,qfe1_0.category,qfe1_0.created_at,qfe1_0.flow_execution_id,qfe1_0.flow_group_id,qfe1_0.flow_id,qfe1_0.iteration,qfe1_0.priority,qfe1_0.retry_count,qfe1_0.revolutions from queued_flow_executions qfe1_0 order by qfe1_0.priority desc,qfe1_0.created_at offset ? rows fetch first ? rows only
2026-03-11 17:28:11.313 [scheduling-1] WARN  c.u.o.s.FlowExecutionQueueService - FlowExecutionTaskExecutor not available, returning default capacity
2026-03-11 17:28:11.316 [scheduling-1] DEBUG org.hibernate.SQL - select qfe1_0.id,qfe1_0.category,qfe1_0.created_at,qfe1_0.flow_execution_id,qfe1_0.flow_group_id,qfe1_0.flow_id,qfe1_0.iteration,qfe1_0.priority,qfe1_0.retry_count,qfe1_0.revolutions from queued_flow_executions qfe1_0 order by qfe1_0.priority desc,qfe1_0.created_at offset ? rows fetch first ? rows only
2026-03-11 17:28:31.198 [scheduling-1] DEBUG org.hibernate.SQL - select pe1_0.id,pe1_0.configured_test_data,pe1_0.created_at,pe1_0.end_time,pe1_0.flow_execution_id,pe1_0.flow_id,pe1_0.flow_step_id,pe1_0.is_replay,pe1_0.job_id,pe1_0.job_url,pe1_0.pipeline_id,pe1_0.pipeline_url,pe1_0.resume_time,pe1_0.runtime_test_data,pe1_0.start_time,pe1_0.status from pipeline_executions pe1_0 where pe1_0.status=? and pe1_0.resume_time<?
2026-03-11 17:28:41.329 [scheduling-1] WARN  c.u.o.s.FlowExecutionQueueService - FlowExecutionTaskExecutor not available, returning default capacity
2026-03-11 17:28:41.332 [scheduling-1] DEBUG org.hibernate.SQL - select qfe1_0.id,qfe1_0.category,qfe1_0.created_at,qfe1_0.flow_execution_id,qfe1_0.flow_group_id,qfe1_0.flow_id,qfe1_0.iteration,qfe1_0.priority,qfe1_0.retry_count,qfe1_0.revolutions from queued_flow_executions qfe1_0 order by qfe1_0.priority desc,qfe1_0.created_at offset ? rows fetch first ? rows only
2026-03-11 17:29:11.336 [scheduling-1] WARN  c.u.o.s.FlowExecutionQueueService - FlowExecutionTaskExecutor not available, returning default capacity
2026-03-11 17:29:11.338 [scheduling-1] DEBUG org.hibernate.SQL - select qfe1_0.id,qfe1_0.category,qfe1_0.created_at,qfe1_0.flow_execution_id,qfe1_0.flow_group_id,qfe1_0.flow_id,qfe1_0.iteration,qfe1_0.priority,qfe1_0.retry_count,qfe1_0.revolutions from queued_flow_executions qfe1_0 order by qfe1_0.priority desc,qfe1_0.created_at offset ? rows fetch first ? rows only
2026-03-11 17:29:31.192 [scheduling-1] DEBUG org.hibernate.SQL - select pe1_0.id,pe1_0.configured_test_data,pe1_0.created_at,pe1_0.end_time,pe1_0.flow_execution_id,pe1_0.flow_id,pe1_0.flow_step_id,pe1_0.is_replay,pe1_0.job_id,pe1_0.job_url,pe1_0.pipeline_id,pe1_0.pipeline_url,pe1_0.resume_time,pe1_0.runtime_test_data,pe1_0.start_time,pe1_0.status from pipeline_executions pe1_0 where pe1_0.status=? and pe1_0.resume_time<?
2026-03-11 17:29:41.353 [scheduling-1] WARN  c.u.o.s.FlowExecutionQueueService - FlowExecutionTaskExecutor not available, returning default capacity
2026-03-11 17:29:41.356 [scheduling-1] DEBUG org.hibernate.SQL - select qfe1_0.id,qfe1_0.category,qfe1_0.created_at,qfe1_0.flow_execution_id,qfe1_0.flow_group_id,qfe1_0.flow_id,qfe1_0.iteration,qfe1_0.priority,qfe1_0.retry_count,qfe1_0.revolutions from queued_flow_executions qfe1_0 order by qfe1_0.priority desc,qfe1_0.created_at offset ? rows fetch first ? rows only
2026-03-11 17:30:11.366 [scheduling-1] WARN  c.u.o.s.FlowExecutionQueueService - FlowExecutionTaskExecutor not available, returning default capacity
2026-03-11 17:30:11.368 [scheduling-1] DEBUG org.hibernate.SQL - select qfe1_0.id,qfe1_0.category,qfe1_0.created_at,qfe1_0.flow_execution_id,qfe1_0.flow_group_id,qfe1_0.flow_id,qfe1_0.iteration,qfe1_0.priority,qfe1_0.retry_count,qfe1_0.revolutions from queued_flow_executions qfe1_0 order by qfe1_0.priority desc,qfe1_0.created_at offset ? rows fetch first ? rows only
2026-03-11 17:30:31.198 [scheduling-1] DEBUG org.hibernate.SQL - select pe1_0.id,pe1_0.configured_test_data,pe1_0.created_at,pe1_0.end_time,pe1_0.flow_execution_id,pe1_0.flow_id,pe1_0.flow_step_id,pe1_0.is_replay,pe1_0.job_id,pe1_0.job_url,pe1_0.pipeline_id,pe1_0.pipeline_url,pe1_0.resume_time,pe1_0.runtime_test_data,pe1_0.start_time,pe1_0.status from pipeline_executions pe1_0 where pe1_0.status=? and pe1_0.resume_time<?
2026-03-11 17:30:41.384 [scheduling-1] WARN  c.u.o.s.FlowExecutionQueueService - FlowExecutionTaskExecutor not available, returning default capacity
2026-03-11 17:30:41.386 [scheduling-1] DEBUG org.hibernate.SQL - select qfe1_0.id,qfe1_0.category,qfe1_0.created_at,qfe1_0.flow_execution_id,qfe1_0.flow_group_id,qfe1_0.flow_id,qfe1_0.iteration,qfe1_0.priority,qfe1_0.retry_count,qfe1_0.revolutions from queued_flow_executions qfe1_0 order by qfe1_0.priority desc,qfe1_0.created_at offset ? rows fetch first ? rows only
2026-03-11 17:31:11.394 [scheduling-1] WARN  c.u.o.s.FlowExecutionQueueService - FlowExecutionTaskExecutor not available, returning default capacity
2026-03-11 17:31:11.398 [scheduling-1] DEBUG org.hibernate.SQL - select qfe1_0.id,qfe1_0.category,qfe1_0.created_at,qfe1_0.flow_execution_id,qfe1_0.flow_group_id,qfe1_0.flow_id,qfe1_0.iteration,qfe1_0.priority,qfe1_0.retry_count,qfe1_0.revolutions from queued_flow_executions qfe1_0 order by qfe1_0.priority desc,qfe1_0.created_at offset ? rows fetch first ? rows only
2026-03-11 17:31:15.307 [main] INFO  c.u.o.OrkestraV2ApiApplicationTests - Starting OrkestraV2ApiApplicationTests using Java 21.0.10 with PID 19256 (started by Mishr in D:\dev\flow-forge-v1-groups-fixes)
2026-03-11 17:31:15.308 [main] INFO  c.u.o.OrkestraV2ApiApplicationTests - The following 1 profile is active: "test"
2026-03-11 17:31:15.338 [main] DEBUG o.s.w.c.s.GenericWebApplicationContext - Refreshing org.springframework.web.context.support.GenericWebApplicationContext@6b474074
2026-03-11 17:31:17.679 [main] WARN  org.hibernate.orm.deprecation - HHH90000025: H2Dialect does not need to be specified explicitly using 'hibernate.dialect' (remove the property setting and it will be selected by default)
2026-03-11 17:31:18.525 [main] DEBUG org.hibernate.SQL - 
    drop table if exists applications cascade 
2026-03-11 17:31:18.528 [main] DEBUG org.hibernate.SQL - 
    drop table if exists artifacts cascade 
2026-03-11 17:31:18.528 [main] DEBUG org.hibernate.SQL - 
    drop table if exists flow_executions cascade 
2026-03-11 17:31:18.529 [main] DEBUG org.hibernate.SQL - 
    drop table if exists flow_groups cascade 
2026-03-11 17:31:18.529 [main] DEBUG org.hibernate.SQL - 
    drop table if exists flow_steps cascade 
2026-03-11 17:31:18.529 [main] DEBUG org.hibernate.SQL - 
    drop table if exists flows cascade 
2026-03-11 17:31:18.529 [main] DEBUG org.hibernate.SQL - 
    drop table if exists pipeline_executions cascade 
2026-03-11 17:31:18.529 [main] DEBUG org.hibernate.SQL - 
    drop table if exists queued_flow_executions cascade 
2026-03-11 17:31:18.530 [main] DEBUG org.hibernate.SQL - 
    drop table if exists test_data cascade 
2026-03-11 17:31:18.530 [main] DEBUG org.hibernate.SQL - 
    drop sequence if exists applications_seq
2026-03-11 17:31:18.530 [main] DEBUG org.hibernate.SQL - 
    drop sequence if exists artifacts_id_seq
2026-03-11 17:31:18.530 [main] DEBUG org.hibernate.SQL - 
    drop sequence if exists flow_groups_id_seq
2026-03-11 17:31:18.530 [main] DEBUG org.hibernate.SQL - 
    drop sequence if exists flow_steps_seq
2026-03-11 17:31:18.530 [main] DEBUG org.hibernate.SQL - 
    drop sequence if exists flows_seq
2026-03-11 17:31:18.532 [main] DEBUG org.hibernate.SQL - 
    drop sequence if exists pipeline_executions_seq
2026-03-11 17:31:18.532 [main] DEBUG org.hibernate.SQL - 
    drop sequence if exists queued_flow_executions_seq
2026-03-11 17:31:18.532 [main] DEBUG org.hibernate.SQL - 
    drop sequence if exists test_data_seq
2026-03-11 17:31:18.537 [main] DEBUG org.hibernate.SQL - 
    create sequence applications_seq start with 1 increment by 1
2026-03-11 17:31:18.540 [main] DEBUG org.hibernate.SQL - 
    create sequence artifacts_id_seq start with 1 increment by 1
2026-03-11 17:31:18.541 [main] DEBUG org.hibernate.SQL - 
    create sequence flow_groups_id_seq start with 1 increment by 1
2026-03-11 17:31:18.541 [main] DEBUG org.hibernate.SQL - 
    create sequence flow_steps_seq start with 1 increment by 1
2026-03-11 17:31:18.541 [main] DEBUG org.hibernate.SQL - 
    create sequence flows_seq start with 1 increment by 1
2026-03-11 17:31:18.541 [main] DEBUG org.hibernate.SQL - 
    create sequence pipeline_executions_seq start with 1 increment by 1
2026-03-11 17:31:18.543 [main] DEBUG org.hibernate.SQL - 
    create sequence queued_flow_executions_seq start with 1 increment by 1
2026-03-11 17:31:18.543 [main] DEBUG org.hibernate.SQL - 
    create sequence test_data_seq start with 1 increment by 1
2026-03-11 17:31:18.545 [main] DEBUG org.hibernate.SQL - 
    create table applications (
        created_at timestamp(6) not null,
        id bigint not null,
        token_validation_last_update_date timestamp(6),
        updated_at timestamp(6) not null,
        application_description varchar(255) not null,
        application_name varchar(255) not null,
        gitlab_project_id varchar(255) not null,
        personal_access_token varchar(255) not null,
        project_name varchar(255),
        project_url varchar(255),
        token_status varchar(255) not null check (token_status in ('ACTIVE','EXPIRED','INVALID')),
        primary key (id)
    )
2026-03-11 17:31:18.553 [main] DEBUG org.hibernate.SQL - 
    create table artifacts (
        created_at timestamp(6) not null,
        id bigint not null,
        updated_at timestamp(6) not null,
        artifact_name varchar(255) not null,
        run_ids json not null,
        primary key (id)
    )
2026-03-11 17:31:18.553 [main] DEBUG org.hibernate.SQL - 
    create table flow_executions (
        is_replay boolean,
        iteration integer,
        replay_count integer,
        revolutions integer,
        created_at timestamp(6) not null,
        end_time timestamp(6),
        flow_group_id bigint,
        flow_id bigint not null,
        start_time timestamp(6),
        id uuid not null,
        original_flow_execution_id uuid,
        category varchar(255),
        status varchar(255) check (status in ('PENDING','RUNNING','PASSED','FAILED','CANCELLED','SCHEDULED','IN_PROGRESS')),
        runtime_variables json,
        primary key (id)
    )
2026-03-11 17:31:18.555 [main] DEBUG org.hibernate.SQL - 
    create table flow_groups (
        current_iteration integer not null,
        revolutions integer not null,
        created_at timestamp(6) not null,
        id bigint not null,
        updated_at timestamp(6) not null,
        flow_group_name varchar(255) not null,
        flows json not null,
        primary key (id)
    )
2026-03-11 17:31:18.556 [main] DEBUG org.hibernate.SQL - 
    create table flow_steps (
        application_id bigint not null,
        created_at timestamp(6) not null,
        id bigint not null,
        updated_at timestamp(6) not null,
        branch varchar(255) not null,
        description varchar(255),
        scheduler_type varchar(255),
        test_stage varchar(255) not null,
        test_tag varchar(255) not null,
        timer_days varchar(255),
        timer_hours varchar(255),
        timer_minutes varchar(255),
        squash_step_ids json,
        test_data_ids json,
        primary key (id)
    )
2026-03-11 17:31:18.557 [main] DEBUG org.hibernate.SQL - 
    create table flows (
        created_at timestamp(6) not null,
        id bigint not null,
        squash_test_case_id bigint not null,
        updated_at timestamp(6) not null,
        automation_status varchar(20) check (automation_status in ('AUTOMATED','PARTIAL','NOT_AUTOMATED')),
        squash_test_case varchar(255) not null,
        flow_step_ids json not null,
        primary key (id)
    )
2026-03-11 17:31:18.558 [main] DEBUG org.hibernate.SQL - 
    create table pipeline_executions (
        is_replay boolean not null,
        created_at timestamp(6) not null,
        end_time timestamp(6),
        flow_id bigint not null,
        flow_step_id bigint not null,
        id bigint not null,
        job_id bigint,
        pipeline_id bigint,
        resume_time timestamp(6),
        start_time timestamp(6),
        flow_execution_id uuid not null,
        job_url varchar(255),
        pipeline_url varchar(255),
        status varchar(255) check (status in ('PENDING','RUNNING','PASSED','FAILED','CANCELLED','SCHEDULED','IN_PROGRESS')),
        configured_test_data json,
        runtime_test_data json,
        primary key (id)
    )
2026-03-11 17:31:18.559 [main] DEBUG org.hibernate.SQL - 
    create table queued_flow_executions (
        iteration integer,
        priority integer,
        retry_count integer,
        revolutions integer,
        created_at timestamp(6) not null,
        flow_group_id bigint,
        flow_id bigint not null,
        id bigint not null,
        flow_execution_id uuid not null,
        category varchar(255),
        primary key (id)
    )
2026-03-11 17:31:18.561 [main] DEBUG org.hibernate.SQL - 
    create table test_data (
        application_id bigint,
        created_at timestamp(6) not null,
        data_id bigint not null,
        updated_at timestamp(6) not null,
        application_name varchar(255),
        category varchar(255) not null,
        description varchar(255),
        variables json not null,
        primary key (data_id)
    )
2026-03-11 17:31:18.562 [main] DEBUG org.hibernate.SQL - 
    create index idx_queued_created_at 
       on queued_flow_executions (created_at)
2026-03-11 17:31:18.563 [main] DEBUG org.hibernate.SQL - 
    alter table if exists flow_executions 
       add constraint FKr71stky8abwyfobvpeefjc7fv 
       foreign key (flow_group_id) 
       references flow_groups
2026-03-11 17:31:18.569 [main] DEBUG org.hibernate.SQL - 
    alter table if exists flow_steps 
       add constraint FKp00aj00r8cvyydod3holpe5oh 
       foreign key (application_id) 
       references applications
2026-03-11 17:31:18.571 [main] DEBUG org.hibernate.SQL - 
    alter table if exists test_data 
       add constraint FK3iretb06mhjh2gksyhkkj4cfx 
       foreign key (application_id) 
       references applications
2026-03-11 17:31:21.547 [main] DEBUG o.s.w.s.s.s.WebSocketHandlerMapping - Patterns [/ws/flow-logs/{flowExecutionUUID}] in 'webSocketHandlerMapping'
2026-03-11 17:31:22.066 [main] WARN  o.s.b.a.o.j.JpaBaseConfiguration$JpaWebConfiguration - spring.jpa.open-in-view is enabled by default. Therefore, database queries may be performed during view rendering. Explicitly configure spring.jpa.open-in-view to disable this warning
2026-03-11 17:31:22.286 [main] DEBUG o.s.w.s.m.m.a.RequestMappingHandlerMapping - 61 mappings in 'requestMappingHandlerMapping'
2026-03-11 17:31:22.460 [main] DEBUG o.s.w.s.h.SimpleUrlHandlerMapping - Patterns [/webjars/**, /**, /swagger-ui*/*swagger-initializer.js, /swagger-ui*/**] in 'resourceHandlerMapping'
2026-03-11 17:31:22.540 [main] DEBUG o.s.w.s.m.m.a.RequestMappingHandlerAdapter - ControllerAdvice beans: 0 @ModelAttribute, 0 @InitBinder, 1 RequestBodyAdvice, 1 ResponseBodyAdvice
2026-03-11 17:31:22.620 [main] DEBUG o.s.w.s.m.m.a.ExceptionHandlerExceptionResolver - ControllerAdvice beans: 2 @ExceptionHandler, 1 ResponseBodyAdvice
2026-03-11 17:31:23.492 [main] DEBUG org.hibernate.SQL - 
    select
        count(*) 
    from
        queued_flow_executions qfe1_0
2026-03-11 17:31:23.492 [scheduling-1] DEBUG org.hibernate.SQL - 
    select
        pe1_0.id,
        pe1_0.configured_test_data,
        pe1_0.created_at,
        pe1_0.end_time,
        pe1_0.flow_execution_id,
        pe1_0.flow_id,
        pe1_0.flow_step_id,
        pe1_0.is_replay,
        pe1_0.job_id,
        pe1_0.job_url,
        pe1_0.pipeline_id,
        pe1_0.pipeline_url,
        pe1_0.resume_time,
        pe1_0.runtime_test_data,
        pe1_0.start_time,
        pe1_0.status 
    from
        pipeline_executions pe1_0 
    where
        pe1_0.status=? 
        and pe1_0.resume_time<?
2026-03-11 17:31:23.510 [main] INFO  c.u.o.s.FlowExecutionQueueService - No queued flow executions found on startup.
2026-03-11 17:31:23.512 [main] INFO  c.u.o.OrkestraV2ApiApplicationTests - Started OrkestraV2ApiApplicationTests in 8.56 seconds (process running for 9.322)
2026-03-11 17:31:24.121 [main] INFO  c.ubs.orkestra.util.OutputEnvParser - Successfully parsed 2 variables from output.env
2026-03-11 17:31:24.130 [main] INFO  c.ubs.orkestra.util.OutputEnvParser - Successfully parsed 2 variables from output.env
2026-03-11 17:31:24.130 [main] INFO  c.ubs.orkestra.util.OutputEnvParser - Successfully parsed 2 variables from output.env
2026-03-11 17:31:24.131 [main] INFO  c.ubs.orkestra.util.OutputEnvParser - Successfully parsed 2 variables from output.env
2026-03-11 17:31:24.166 [SpringApplicationShutdownHook] DEBUG o.s.w.c.s.GenericWebApplicationContext - Closing org.springframework.web.context.support.GenericWebApplicationContext@6b474074, started on Wed Mar 11 17:31:15 IST 2026
2026-03-11 17:31:24.181 [SpringApplicationShutdownHook] DEBUG org.hibernate.SQL - 
    drop table if exists applications cascade 
2026-03-11 17:31:24.183 [SpringApplicationShutdownHook] DEBUG org.hibernate.SQL - 
    drop table if exists artifacts cascade 
2026-03-11 17:31:24.184 [SpringApplicationShutdownHook] DEBUG org.hibernate.SQL - 
    drop table if exists flow_executions cascade 
2026-03-11 17:31:24.184 [SpringApplicationShutdownHook] DEBUG org.hibernate.SQL - 
    drop table if exists flow_groups cascade 
2026-03-11 17:31:24.184 [SpringApplicationShutdownHook] DEBUG org.hibernate.SQL - 
    drop table if exists flow_steps cascade 
2026-03-11 17:31:24.185 [SpringApplicationShutdownHook] DEBUG org.hibernate.SQL - 
    drop table if exists flows cascade 
2026-03-11 17:31:24.185 [SpringApplicationShutdownHook] DEBUG org.hibernate.SQL - 
    drop table if exists pipeline_executions cascade 
2026-03-11 17:31:24.185 [SpringApplicationShutdownHook] DEBUG org.hibernate.SQL - 
    drop table if exists queued_flow_executions cascade 
2026-03-11 17:31:24.187 [SpringApplicationShutdownHook] DEBUG org.hibernate.SQL - 
    drop table if exists test_data cascade 
2026-03-11 17:31:24.187 [SpringApplicationShutdownHook] DEBUG org.hibernate.SQL - 
    drop sequence if exists applications_seq
2026-03-11 17:31:24.187 [SpringApplicationShutdownHook] DEBUG org.hibernate.SQL - 
    drop sequence if exists artifacts_id_seq
2026-03-11 17:31:24.188 [SpringApplicationShutdownHook] DEBUG org.hibernate.SQL - 
    drop sequence if exists flow_groups_id_seq
2026-03-11 17:31:24.188 [SpringApplicationShutdownHook] DEBUG org.hibernate.SQL - 
    drop sequence if exists flow_steps_seq
2026-03-11 17:31:24.188 [SpringApplicationShutdownHook] DEBUG org.hibernate.SQL - 
    drop sequence if exists flows_seq
2026-03-11 17:31:24.188 [SpringApplicationShutdownHook] DEBUG org.hibernate.SQL - 
    drop sequence if exists pipeline_executions_seq
2026-03-11 17:31:24.189 [SpringApplicationShutdownHook] DEBUG org.hibernate.SQL - 
    drop sequence if exists queued_flow_executions_seq
2026-03-11 17:31:24.189 [SpringApplicationShutdownHook] DEBUG org.hibernate.SQL - 
    drop sequence if exists test_data_seq
2026-03-11 17:31:31.202 [scheduling-1] DEBUG org.hibernate.SQL - select pe1_0.id,pe1_0.configured_test_data,pe1_0.created_at,pe1_0.end_time,pe1_0.flow_execution_id,pe1_0.flow_id,pe1_0.flow_step_id,pe1_0.is_replay,pe1_0.job_id,pe1_0.job_url,pe1_0.pipeline_id,pe1_0.pipeline_url,pe1_0.resume_time,pe1_0.runtime_test_data,pe1_0.start_time,pe1_0.status from pipeline_executions pe1_0 where pe1_0.status=? and pe1_0.resume_time<?
2026-03-11 17:31:41.406 [scheduling-1] WARN  c.u.o.s.FlowExecutionQueueService - FlowExecutionTaskExecutor not available, returning default capacity
2026-03-11 17:31:41.408 [scheduling-1] DEBUG org.hibernate.SQL - select qfe1_0.id,qfe1_0.category,qfe1_0.created_at,qfe1_0.flow_execution_id,qfe1_0.flow_group_id,qfe1_0.flow_id,qfe1_0.iteration,qfe1_0.priority,qfe1_0.retry_count,qfe1_0.revolutions from queued_flow_executions qfe1_0 order by qfe1_0.priority desc,qfe1_0.created_at offset ? rows fetch first ? rows only
2026-03-11 17:32:11.413 [scheduling-1] WARN  c.u.o.s.FlowExecutionQueueService - FlowExecutionTaskExecutor not available, returning default capacity
2026-03-11 17:32:11.416 [scheduling-1] DEBUG org.hibernate.SQL - select qfe1_0.id,qfe1_0.category,qfe1_0.created_at,qfe1_0.flow_execution_id,qfe1_0.flow_group_id,qfe1_0.flow_id,qfe1_0.iteration,qfe1_0.priority,qfe1_0.retry_count,qfe1_0.revolutions from queued_flow_executions qfe1_0 order by qfe1_0.priority desc,qfe1_0.created_at offset ? rows fetch first ? rows only
2026-03-11 17:32:31.198 [scheduling-1] DEBUG org.hibernate.SQL - select pe1_0.id,pe1_0.configured_test_data,pe1_0.created_at,pe1_0.end_time,pe1_0.flow_execution_id,pe1_0.flow_id,pe1_0.flow_step_id,pe1_0.is_replay,pe1_0.job_id,pe1_0.job_url,pe1_0.pipeline_id,pe1_0.pipeline_url,pe1_0.resume_time,pe1_0.runtime_test_data,pe1_0.start_time,pe1_0.status from pipeline_executions pe1_0 where pe1_0.status=? and pe1_0.resume_time<?
2026-03-11 17:32:41.421 [scheduling-1] WARN  c.u.o.s.FlowExecutionQueueService - FlowExecutionTaskExecutor not available, returning default capacity
2026-03-11 17:32:41.423 [scheduling-1] DEBUG org.hibernate.SQL - select qfe1_0.id,qfe1_0.category,qfe1_0.created_at,qfe1_0.flow_execution_id,qfe1_0.flow_group_id,qfe1_0.flow_id,qfe1_0.iteration,qfe1_0.priority,qfe1_0.retry_count,qfe1_0.revolutions from queued_flow_executions qfe1_0 order by qfe1_0.priority desc,qfe1_0.created_at offset ? rows fetch first ? rows only
2026-03-11 17:33:11.428 [scheduling-1] WARN  c.u.o.s.FlowExecutionQueueService - FlowExecutionTaskExecutor not available, returning default capacity
2026-03-11 17:33:11.430 [scheduling-1] DEBUG org.hibernate.SQL - select qfe1_0.id,qfe1_0.category,qfe1_0.created_at,qfe1_0.flow_execution_id,qfe1_0.flow_group_id,qfe1_0.flow_id,qfe1_0.iteration,qfe1_0.priority,qfe1_0.retry_count,qfe1_0.revolutions from queued_flow_executions qfe1_0 order by qfe1_0.priority desc,qfe1_0.created_at offset ? rows fetch first ? rows only
2026-03-11 17:33:31.201 [scheduling-1] DEBUG org.hibernate.SQL - select pe1_0.id,pe1_0.configured_test_data,pe1_0.created_at,pe1_0.end_time,pe1_0.flow_execution_id,pe1_0.flow_id,pe1_0.flow_step_id,pe1_0.is_replay,pe1_0.job_id,pe1_0.job_url,pe1_0.pipeline_id,pe1_0.pipeline_url,pe1_0.resume_time,pe1_0.runtime_test_data,pe1_0.start_time,pe1_0.status from pipeline_executions pe1_0 where pe1_0.status=? and pe1_0.resume_time<?
2026-03-11 17:33:41.444 [scheduling-1] WARN  c.u.o.s.FlowExecutionQueueService - FlowExecutionTaskExecutor not available, returning default capacity
2026-03-11 17:33:41.447 [scheduling-1] DEBUG org.hibernate.SQL - select qfe1_0.id,qfe1_0.category,qfe1_0.created_at,qfe1_0.flow_execution_id,qfe1_0.flow_group_id,qfe1_0.flow_id,qfe1_0.iteration,qfe1_0.priority,qfe1_0.retry_count,qfe1_0.revolutions from queued_flow_executions qfe1_0 order by qfe1_0.priority desc,qfe1_0.created_at offset ? rows fetch first ? rows only
2026-03-11 17:34:11.459 [scheduling-1] WARN  c.u.o.s.FlowExecutionQueueService - FlowExecutionTaskExecutor not available, returning default capacity
2026-03-11 17:34:11.461 [scheduling-1] DEBUG org.hibernate.SQL - select qfe1_0.id,qfe1_0.category,qfe1_0.created_at,qfe1_0.flow_execution_id,qfe1_0.flow_group_id,qfe1_0.flow_id,qfe1_0.iteration,qfe1_0.priority,qfe1_0.retry_count,qfe1_0.revolutions from queued_flow_executions qfe1_0 order by qfe1_0.priority desc,qfe1_0.created_at offset ? rows fetch first ? rows only
2026-03-11 17:34:31.204 [scheduling-1] DEBUG org.hibernate.SQL - select pe1_0.id,pe1_0.configured_test_data,pe1_0.created_at,pe1_0.end_time,pe1_0.flow_execution_id,pe1_0.flow_id,pe1_0.flow_step_id,pe1_0.is_replay,pe1_0.job_id,pe1_0.job_url,pe1_0.pipeline_id,pe1_0.pipeline_url,pe1_0.resume_time,pe1_0.runtime_test_data,pe1_0.start_time,pe1_0.status from pipeline_executions pe1_0 where pe1_0.status=? and pe1_0.resume_time<?
2026-03-11 17:34:41.478 [scheduling-1] WARN  c.u.o.s.FlowExecutionQueueService - FlowExecutionTaskExecutor not available, returning default capacity
2026-03-11 17:34:41.481 [scheduling-1] DEBUG org.hibernate.SQL - select qfe1_0.id,qfe1_0.category,qfe1_0.created_at,qfe1_0.flow_execution_id,qfe1_0.flow_group_id,qfe1_0.flow_id,qfe1_0.iteration,qfe1_0.priority,qfe1_0.retry_count,qfe1_0.revolutions from queued_flow_executions qfe1_0 order by qfe1_0.priority desc,qfe1_0.created_at offset ? rows fetch first ? rows only
2026-03-11 17:35:15.004 [main] INFO  c.u.o.OrkestraV2ApiApplication - Starting OrkestraV2ApiApplication using Java 21.0.10 with PID 44604 (D:\dev\flow-forge-v1-groups-fixes\target\classes started by Mishr in D:\dev\flow-forge-v1-groups-fixes)
2026-03-11 17:35:15.006 [main] INFO  c.u.o.OrkestraV2ApiApplication - The following 1 profile is active: "local"
2026-03-11 17:35:17.002 [main] WARN  org.hibernate.orm.deprecation - HHH90000025: H2Dialect does not need to be specified explicitly using 'hibernate.dialect' (remove the property setting and it will be selected by default)
2026-03-11 17:35:17.709 [main] DEBUG org.hibernate.SQL - create table applications (id bigint not null, application_description varchar(255) not null, application_name varchar(255) not null, created_at timestamp(6) not null, gitlab_project_id varchar(255) not null, personal_access_token varchar(255) not null, project_name varchar(255), project_url varchar(255), token_status varchar(255) not null check (token_status in ('ACTIVE','EXPIRED','INVALID')), token_validation_last_update_date timestamp(6), updated_at timestamp(6) not null, primary key (id))
2026-03-11 17:35:17.717 [main] DEBUG org.hibernate.SQL - create table artifacts (id bigint not null, artifact_name varchar(255) not null, created_at timestamp(6) not null, run_ids json not null, updated_at timestamp(6) not null, primary key (id))
2026-03-11 17:35:17.719 [main] DEBUG org.hibernate.SQL - create table flow_executions (id uuid not null, category varchar(255), created_at timestamp(6) not null, end_time timestamp(6), flow_id bigint not null, is_replay boolean, iteration integer, original_flow_execution_id uuid, replay_count integer, revolutions integer, runtime_variables json, start_time timestamp(6), status varchar(255) check (status in ('PENDING','RUNNING','PASSED','FAILED','CANCELLED','SCHEDULED','IN_PROGRESS')), flow_group_id bigint, primary key (id))
2026-03-11 17:35:17.721 [main] DEBUG org.hibernate.SQL - create table flow_groups (id bigint not null, created_at timestamp(6) not null, current_iteration integer not null, flow_group_name varchar(255) not null, flows json not null, revolutions integer not null, updated_at timestamp(6) not null, primary key (id))
2026-03-11 17:35:17.722 [main] DEBUG org.hibernate.SQL - create table flow_steps (id bigint not null, branch varchar(255) not null, created_at timestamp(6) not null, description varchar(255), timer_days varchar(255), timer_hours varchar(255), timer_minutes varchar(255), scheduler_type varchar(255), squash_step_ids json, test_data_ids json, test_stage varchar(255) not null, test_tag varchar(255) not null, updated_at timestamp(6) not null, application_id bigint not null, primary key (id))
2026-03-11 17:35:17.723 [main] DEBUG org.hibernate.SQL - create table flows (id bigint not null, automation_status varchar(20) check (automation_status in ('AUTOMATED','PARTIAL','NOT_AUTOMATED')), created_at timestamp(6) not null, flow_step_ids json not null, squash_test_case varchar(255) not null, squash_test_case_id bigint not null, updated_at timestamp(6) not null, primary key (id))
2026-03-11 17:35:17.724 [main] DEBUG org.hibernate.SQL - create table pipeline_executions (id bigint not null, configured_test_data json, created_at timestamp(6) not null, end_time timestamp(6), flow_execution_id uuid not null, flow_id bigint not null, flow_step_id bigint not null, is_replay boolean not null, job_id bigint, job_url varchar(255), pipeline_id bigint, pipeline_url varchar(255), resume_time timestamp(6), runtime_test_data json, start_time timestamp(6), status varchar(255) check (status in ('PENDING','RUNNING','PASSED','FAILED','CANCELLED','SCHEDULED','IN_PROGRESS')), primary key (id))
2026-03-11 17:35:17.725 [main] DEBUG org.hibernate.SQL - create table queued_flow_executions (id bigint not null, category varchar(255), created_at timestamp(6) not null, flow_execution_id uuid not null, flow_group_id bigint, flow_id bigint not null, iteration integer, priority integer, retry_count integer, revolutions integer, primary key (id))
2026-03-11 17:35:17.727 [main] DEBUG org.hibernate.SQL - create table test_data (data_id bigint not null, application_name varchar(255), category varchar(255) not null, created_at timestamp(6) not null, description varchar(255), updated_at timestamp(6) not null, variables json not null, application_id bigint, primary key (data_id))
2026-03-11 17:35:17.728 [main] DEBUG org.hibernate.SQL - create index idx_queued_created_at on queued_flow_executions (created_at)
2026-03-11 17:35:17.732 [main] DEBUG org.hibernate.SQL - create sequence applications_seq start with 1 increment by 1
2026-03-11 17:35:17.734 [main] DEBUG org.hibernate.SQL - create sequence artifacts_id_seq start with 1 increment by 1
2026-03-11 17:35:17.734 [main] DEBUG org.hibernate.SQL - create sequence flow_groups_id_seq start with 1 increment by 1
2026-03-11 17:35:17.735 [main] DEBUG org.hibernate.SQL - create sequence flow_steps_seq start with 1 increment by 1
2026-03-11 17:35:17.735 [main] DEBUG org.hibernate.SQL - create sequence flows_seq start with 1 increment by 1
2026-03-11 17:35:17.735 [main] DEBUG org.hibernate.SQL - create sequence pipeline_executions_seq start with 1 increment by 1
2026-03-11 17:35:17.736 [main] DEBUG org.hibernate.SQL - create sequence queued_flow_executions_seq start with 1 increment by 1
2026-03-11 17:35:17.736 [main] DEBUG org.hibernate.SQL - create sequence test_data_seq start with 1 increment by 1
2026-03-11 17:35:17.737 [main] DEBUG org.hibernate.SQL - alter table if exists flow_executions add constraint FKr71stky8abwyfobvpeefjc7fv foreign key (flow_group_id) references flow_groups
2026-03-11 17:35:17.741 [main] DEBUG org.hibernate.SQL - alter table if exists flow_steps add constraint FKp00aj00r8cvyydod3holpe5oh foreign key (application_id) references applications
2026-03-11 17:35:17.742 [main] DEBUG org.hibernate.SQL - alter table if exists test_data add constraint FK3iretb06mhjh2gksyhkkj4cfx foreign key (application_id) references applications
2026-03-11 17:35:19.680 [main] WARN  o.s.b.a.o.j.JpaBaseConfiguration$JpaWebConfiguration - spring.jpa.open-in-view is enabled by default. Therefore, database queries may be performed during view rendering. Explicitly configure spring.jpa.open-in-view to disable this warning
2026-03-11 17:35:20.392 [main] DEBUG org.hibernate.SQL - select count(*) from queued_flow_executions qfe1_0
2026-03-11 17:35:20.392 [scheduling-1] DEBUG org.hibernate.SQL - select pe1_0.id,pe1_0.configured_test_data,pe1_0.created_at,pe1_0.end_time,pe1_0.flow_execution_id,pe1_0.flow_id,pe1_0.flow_step_id,pe1_0.is_replay,pe1_0.job_id,pe1_0.job_url,pe1_0.pipeline_id,pe1_0.pipeline_url,pe1_0.resume_time,pe1_0.runtime_test_data,pe1_0.start_time,pe1_0.status from pipeline_executions pe1_0 where pe1_0.status=? and pe1_0.resume_time<?
2026-03-11 17:35:20.402 [main] INFO  c.u.o.s.FlowExecutionQueueService - No queued flow executions found on startup.
2026-03-11 17:35:20.405 [main] INFO  c.u.o.OrkestraV2ApiApplication - Started OrkestraV2ApiApplication in 5.778 seconds (process running for 6.03)
2026-03-11 17:35:30.341 [scheduling-1] WARN  c.u.o.s.FlowExecutionQueueService - FlowExecutionTaskExecutor not available, returning default capacity
2026-03-11 17:35:30.346 [scheduling-1] DEBUG org.hibernate.SQL - select qfe1_0.id,qfe1_0.category,qfe1_0.created_at,qfe1_0.flow_execution_id,qfe1_0.flow_group_id,qfe1_0.flow_id,qfe1_0.iteration,qfe1_0.priority,qfe1_0.retry_count,qfe1_0.revolutions from queued_flow_executions qfe1_0 order by qfe1_0.priority desc,qfe1_0.created_at offset ? rows fetch first ? rows only
2026-03-11 17:36:00.361 [scheduling-1] WARN  c.u.o.s.FlowExecutionQueueService - FlowExecutionTaskExecutor not available, returning default capacity
2026-03-11 17:36:00.364 [scheduling-1] DEBUG org.hibernate.SQL - select qfe1_0.id,qfe1_0.category,qfe1_0.created_at,qfe1_0.flow_execution_id,qfe1_0.flow_group_id,qfe1_0.flow_id,qfe1_0.iteration,qfe1_0.priority,qfe1_0.retry_count,qfe1_0.revolutions from queued_flow_executions qfe1_0 order by qfe1_0.priority desc,qfe1_0.created_at offset ? rows fetch first ? rows only
